<?xml version="1.0" encoding="UTF-8"?>
<testsuite name="tetris.output.background.TetrisBackgroundTest" tests="2" skipped="0" failures="0" errors="0" timestamp="2021-01-12T04:46:13" hostname="MacBook" time="0.496">
  <properties/>
  <testcase name="shouldThrowIllegalArgumentExceptionForIncorrectFileName()" classname="tetris.output.background.TetrisBackgroundTest" time="0.206"/>
  <testcase name="shouldPassWhenCreatingBackgroundWithCorrectFileName()" classname="tetris.output.background.TetrisBackgroundTest" time="0.287"/>
  <system-out><![CDATA[]]></system-out>
  <system-err><![CDATA[]]></system-err>
</testsuite>
