<?xml version="1.0" encoding="UTF-8"?>
<testsuite name="tetris.game.tetronimos.tworotationstetronimo.ITetronimoTest" tests="10" skipped="0" failures="0" errors="0" timestamp="2021-01-12T04:38:33" hostname="MacBook" time="0.131">
  <properties/>
  <testcase name="shouldPassToConfirmCannotRotateFromFirstRotationAtBottomOfGrid()" classname="tetris.game.tetronimos.tworotationstetronimo.ITetronimoTest" time="0.015"/>
  <testcase name="shouldPassToConfirmCannotRotateFromFirstRotationAtTopTwoRowsOfGrid()" classname="tetris.game.tetronimos.tworotationstetronimo.ITetronimoTest" time="0.011"/>
  <testcase name="shouldPassToConfirmCannotRotateFromSecondRotationAtLeftOfGrid()" classname="tetris.game.tetronimos.tworotationstetronimo.ITetronimoTest" time="0.01"/>
  <testcase name="shouldPassToConfirmRotatesCorrectlyFromSecondRotationInMiddleOfGrid()" classname="tetris.game.tetronimos.tworotationstetronimo.ITetronimoTest" time="0.009"/>
  <testcase name="shouldPassToConfirmRotatesCorrectlyFromFirstRotationInMiddleOfGrid()" classname="tetris.game.tetronimos.tworotationstetronimo.ITetronimoTest" time="0.005"/>
  <testcase name="shouldPassToConfirmCanRotateFromFirstRotationAtLeftOfGrid()" classname="tetris.game.tetronimos.tworotationstetronimo.ITetronimoTest" time="0.011"/>
  <testcase name="shouldPassToConfirmCanRotateFromFirstPositionAtRightOfGrid()" classname="tetris.game.tetronimos.tworotationstetronimo.ITetronimoTest" time="0.008"/>
  <testcase name="shouldPassToConfirmCreatedCorrectly()" classname="tetris.game.tetronimos.tworotationstetronimo.ITetronimoTest" time="0.011"/>
  <testcase name="shouldPassToConfirmCannotRotateFromSecondPositionAtRightOfGrid()" classname="tetris.game.tetronimos.tworotationstetronimo.ITetronimoTest" time="0.017"/>
  <testcase name="shouldPassToConfirmCanRotateFromSecondPositionAtBottomOfGrid()" classname="tetris.game.tetronimos.tworotationstetronimo.ITetronimoTest" time="0.016"/>
  <system-out><![CDATA[]]></system-out>
  <system-err><![CDATA[]]></system-err>
</testsuite>
