<?xml version="1.0" encoding="UTF-8"?>
<testsuite name="tetris.validation.ObjectValidatorTest" tests="2" skipped="0" failures="0" errors="0" timestamp="2021-01-12T04:38:36" hostname="MacBook" time="0.002">
  <properties/>
  <testcase name="shouldPassWhenStringValidated()" classname="tetris.validation.ObjectValidatorTest" time="0.001"/>
  <testcase name="shouldThrowIllegalArgumentExceptionWhenNullParameterValidated()" classname="tetris.validation.ObjectValidatorTest" time="0.001"/>
  <system-out><![CDATA[]]></system-out>
  <system-err><![CDATA[]]></system-err>
</testsuite>
