<?xml version="1.0" encoding="UTF-8"?>
<testsuite name="tetris.game.DefaultTetrisTest" tests="9" skipped="0" failures="0" errors="0" timestamp="2021-01-12T04:46:18" hostname="MacBook" time="2.157">
  <properties/>
  <testcase name="shouldPassToConfirmOneLevelIncreaseResultsInLevelOne()" classname="tetris.game.DefaultTetrisTest" time="0.254"/>
  <testcase name="shouldPassToConfirmScoreIncreasesCorrectlyWithFourRowsCompleteAtLevelZero()" classname="tetris.game.DefaultTetrisTest" time="0.267"/>
  <testcase name="shouldPassToConfirmScoreIncreasesCorrectlyWithOneRowCompleteAtLevelZero()" classname="tetris.game.DefaultTetrisTest" time="0.238"/>
  <testcase name="shouldPassToConfirmOneLevelDoesNotIncreasePastLevelTen()" classname="tetris.game.DefaultTetrisTest" time="0.229"/>
  <testcase name="shouldPassToConfirmScoreIncreasesCorrectlyWithThreeRowsCompleteAtLevelZero()" classname="tetris.game.DefaultTetrisTest" time="0.229"/>
  <testcase name="shouldPassToConfirmCompletingTenRowsIncreasesLevelByOne()" classname="tetris.game.DefaultTetrisTest" time="0.261"/>
  <testcase name="shouldThrowIllegalArgumentExceptionIfIncreasingScoreWithNegativeNumberOfRowsCleared()" classname="tetris.game.DefaultTetrisTest" time="0.218"/>
  <testcase name="shouldThrowIllegalArgumentExceptionIfIncreasingScoreWithZeroRowsCleared()" classname="tetris.game.DefaultTetrisTest" time="0.232"/>
  <testcase name="shouldPassToConfirmScoreIncreasesCorrectlyWithTwoRowsCompleteAtLevelZero()" classname="tetris.game.DefaultTetrisTest" time="0.208"/>
  <system-out><![CDATA[]]></system-out>
  <system-err><![CDATA[]]></system-err>
</testsuite>
