<?xml version="1.0" encoding="UTF-8"?>
<testsuite name="tetris.validation.BlockPositionValidatorTest" tests="3" skipped="0" failures="0" errors="0" timestamp="2021-01-12T04:38:36" hostname="MacBook" time="0.01">
  <properties/>
  <testcase name="shouldPassToConfirmTwoAdjacentBlocksAreValid()" classname="tetris.validation.BlockPositionValidatorTest" time="0.004"/>
  <testcase name="shouldThrowErrorWhenCheckingTwoBlocksWithTheSameLocation()" classname="tetris.validation.BlockPositionValidatorTest" time="0.003"/>
  <testcase name="shouldPassToConfirmTwoSeparateBlocksAreValid()" classname="tetris.validation.BlockPositionValidatorTest" time="0.002"/>
  <system-out><![CDATA[]]></system-out>
  <system-err><![CDATA[]]></system-err>
</testsuite>
