<?xml version="1.0" encoding="UTF-8"?>
<testsuite name="tetris.validation.IntegerInputValidatorTest" tests="3" skipped="0" failures="0" errors="0" timestamp="2021-01-12T04:38:36" hostname="MacBook" time="0.004">
  <properties/>
  <testcase name="shouldThrowErrorWhenValidatingNegativeDimensions()" classname="tetris.validation.IntegerInputValidatorTest" time="0.001"/>
  <testcase name="shouldThrowErrorWhenValidatingZeroDimensions()" classname="tetris.validation.IntegerInputValidatorTest" time="0.001"/>
  <testcase name="shouldPassToConfirmPositiveDimensionsAreValid()" classname="tetris.validation.IntegerInputValidatorTest" time="0.001"/>
  <system-out><![CDATA[]]></system-out>
  <system-err><![CDATA[]]></system-err>
</testsuite>
