<?xml version="1.0" encoding="UTF-8"?>
<testsuite name="tetris.game.tetronimos.norotationstetronimo.OTetronimoTest" tests="3" skipped="0" failures="0" errors="0" timestamp="2021-01-12T04:46:16" hostname="MacBook" time="0.049">
  <properties/>
  <testcase name="shouldPassToConfirmBlockPositionsDoNotChangeWhenClockwiseRotationInvoked()" classname="tetris.game.tetronimos.norotationstetronimo.OTetronimoTest" time="0.03"/>
  <testcase name="shouldPassToConfirmCreatedCorrectly()" classname="tetris.game.tetronimos.norotationstetronimo.OTetronimoTest" time="0.008"/>
  <testcase name="shouldPassToConfirmBlockPositionsDoNotChangeWhenAntiClockwiseRotationInvoked()" classname="tetris.game.tetronimos.norotationstetronimo.OTetronimoTest" time="0.008"/>
  <system-out><![CDATA[]]></system-out>
  <system-err><![CDATA[]]></system-err>
</testsuite>
